Sat, 15 May 2021 20:10:16 - This is Debug message DEBUG 51 db_app_log
Sat, 15 May 2021 20:10:16 - This is an info message INFO 52 db_app_log
Sat, 15 May 2021 20:10:16 - This is a warning message WARNING 53 db_app_log
Sat, 15 May 2021 20:10:16 - This is an error message ERROR 54 db_app_log
Sat, 15 May 2021 20:10:16 - This is a critical message CRITICAL 55 db_app_log
Sat, 15 May 2021 20:10:21 - This is Debug message DEBUG 51 db_app_log
Sat, 15 May 2021 20:10:21 - This is an info message INFO 52 db_app_log
Sat, 15 May 2021 20:10:21 - This is a warning message WARNING 53 db_app_log
Sat, 15 May 2021 20:10:21 - This is an error message ERROR 54 db_app_log
Sat, 15 May 2021 20:10:22 - This is a critical message CRITICAL 55 db_app_log
Sat, 15 May 2021 20:10:27 - This is Debug message DEBUG 51 db_app_log
Sat, 15 May 2021 20:10:27 - This is an info message INFO 52 db_app_log
Sat, 15 May 2021 20:10:27 - This is a warning message WARNING 53 db_app_log
Sat, 15 May 2021 20:10:27 - This is an error message ERROR 54 db_app_log
Sat, 15 May 2021 20:10:27 - This is a critical message CRITICAL 55 db_app_log
Sat, 15 May 2021 20:10:32 - This is Debug message DEBUG 51 db_app_log
Sat, 15 May 2021 20:10:32 - This is an info message INFO 52 db_app_log
Sat, 15 May 2021 20:10:32 - This is a warning message WARNING 53 db_app_log
Sat, 15 May 2021 20:10:32 - This is an error message ERROR 54 db_app_log
Sat, 15 May 2021 20:10:32 - This is a critical message CRITICAL 55 db_app_log
Sat, 15 May 2021 20:10:38 - This is Debug message DEBUG 51 db_app_log
Sat, 15 May 2021 20:10:38 - This is an info message INFO 52 db_app_log
Sat, 15 May 2021 20:10:38 - This is a warning message WARNING 53 db_app_log
Sat, 15 May 2021 20:10:38 - This is an error message ERROR 54 db_app_log
Sat, 15 May 2021 20:10:38 - This is a critical message CRITICAL 55 db_app_log
Sat, 15 May 2021 20:10:43 - This is Debug message DEBUG 51 db_app_log
Sat, 15 May 2021 20:10:43 - This is an info message INFO 52 db_app_log
Sat, 15 May 2021 20:10:43 - This is a warning message WARNING 53 db_app_log
Sat, 15 May 2021 20:10:43 - This is an error message ERROR 54 db_app_log
Sat, 15 May 2021 20:10:43 - This is a critical message CRITICAL 55 db_app_log
Sat, 15 May 2021 20:10:48 - This is Debug message DEBUG 51 db_app_log
Sat, 15 May 2021 20:10:49 - This is an info message INFO 52 db_app_log
Sat, 15 May 2021 20:10:49 - This is a warning message WARNING 53 db_app_log
Sat, 15 May 2021 20:10:49 - This is an error message ERROR 54 db_app_log
Sat, 15 May 2021 20:10:49 - This is a critical message CRITICAL 55 db_app_log
